<?xml version="1.0" encoding="UTF-8"?>
<!-- Generated by org.testng.reporters.JUnitReportReporter -->
<testsuite hostname="DESKTOP-IAA84AE" failures="0" tests="2" name="com.crm.qa.testcases.Demo" time="0.007" errors="0" timestamp="11 Sep 2022 10:28:42 GMT" skipped="0">
  <testcase classname="com.crm.qa.testcases.Demo" name="test2" time="0.002"/>
  <testcase classname="com.crm.qa.testcases.Demo" name="test1" time="0.005"/>
</testsuite> <!-- com.crm.qa.testcases.Demo -->
