<?xml version="1.0" encoding="UTF-8"?>
<!-- Generated by org.testng.reporters.JUnitReportReporter -->
<testsuite hostname="DESKTOP-IAA84AE" failures="0" tests="1" name="com.crm.qa.testcases.ContactsPageTest" time="14.169" errors="0" timestamp="21 Sep 2022 15:11:02 GMT" skipped="0">
  <testcase classname="com.crm.qa.testcases.ContactsPageTest" name="selectMultipleContactsTest" time="14.169"/>
</testsuite> <!-- com.crm.qa.testcases.ContactsPageTest -->
