<?xml version="1.0" encoding="UTF-8"?>
<!-- Generated by org.testng.reporters.JUnitReportReporter -->
<testsuite hostname="DESKTOP-IAA84AE" failures="0" tests="1" name="com.crm.qa.testcases.FreeCrmTest" time="6.859" errors="0" timestamp="03 Sep 2022 05:38:02 GMT" skipped="0">
  <testcase classname="com.crm.qa.testcases.FreeCrmTest" name="freeCrmTitleTest" time="6.859"/>
</testsuite> <!-- com.crm.qa.testcases.FreeCrmTest -->
