<?xml version="1.0" encoding="UTF-8"?>
<!-- Generated by org.testng.reporters.JUnitReportReporter -->
<testsuite hostname="DESKTOP-IAA84AE" failures="0" tests="3" name="com.crm.qa.testcases.LoginPageTest" time="25.991" errors="0" timestamp="06 Sep 2022 12:13:11 GMT" skipped="0">
  <testcase classname="com.crm.qa.testcases.LoginPageTest" name="loginPageTitleTest" time="7.053"/>
  <testcase classname="com.crm.qa.testcases.LoginPageTest" name="crmLogoImageTest" time="6.865"/>
  <testcase classname="com.crm.qa.testcases.LoginPageTest" name="loginTest" time="12.073"/>
</testsuite> <!-- com.crm.qa.testcases.LoginPageTest -->
