<?xml version="1.0" encoding="UTF-8"?>
<!-- Generated by org.testng.reporters.JUnitReportReporter -->
<testsuite hostname="DESKTOP-IAA84AE" failures="0" tests="3" name="com.crm.qa.testcases.LoginPageTest" time="35.433" errors="0" timestamp="10 Sep 2022 08:58:54 GMT" skipped="0">
  <testcase classname="com.crm.qa.testcases.LoginPageTest" name="loginPageTitleTest" time="6.913"/>
  <testcase classname="com.crm.qa.testcases.LoginPageTest" name="crmLogoImageTest" time="12.299"/>
  <testcase classname="com.crm.qa.testcases.LoginPageTest" name="loginTest" time="16.221"/>
</testsuite> <!-- com.crm.qa.testcases.LoginPageTest -->
