<?xml version="1.0" encoding="UTF-8"?>
<!-- Generated by org.testng.reporters.JUnitReportReporter -->
<testsuite hostname="DESKTOP-IAA84AE" failures="0" tests="1" name="com.crm.qa.testcases.practice" time="3.735" errors="0" timestamp="16 Sep 2022 13:56:58 GMT" skipped="0">
  <testcase classname="com.crm.qa.testcases.practice" name="newCallPage" time="3.735"/>
</testsuite> <!-- com.crm.qa.testcases.practice -->
