<?xml version="1.0" encoding="UTF-8"?>
<!-- Generated by org.testng.reporters.JUnitReportReporter -->
<testsuite hostname="DESKTOP-IAA84AE" failures="0" tests="1" name="com.crm.qa.testcases.HomePageTest" time="13.988" errors="0" timestamp="06 Sep 2022 12:59:49 GMT" skipped="0">
  <testcase classname="com.crm.qa.testcases.HomePageTest" name="verifyHomePageTitleTest" time="13.988"/>
</testsuite> <!-- com.crm.qa.testcases.HomePageTest -->
