<?xml version="1.0" encoding="UTF-8"?>
<!-- Generated by org.testng.reporters.JUnitReportReporter -->
<testsuite hostname="DESKTOP-IAA84AE" failures="0" tests="3" name="com.crm.qa.testcases.LoginPageTest" time="27.491" errors="0" timestamp="03 Sep 2022 08:57:03 GMT" skipped="0">
  <testcase classname="com.crm.qa.testcases.LoginPageTest" name="loginPageTitleTest" time="8.066"/>
  <testcase classname="com.crm.qa.testcases.LoginPageTest" name="crmLogoImageTest" time="6.782"/>
  <testcase classname="com.crm.qa.testcases.LoginPageTest" name="loginTest" time="12.643"/>
</testsuite> <!-- com.crm.qa.testcases.LoginPageTest -->
