<?xml version="1.0" encoding="UTF-8"?>
<!-- Generated by org.testng.reporters.JUnitReportReporter -->
<testsuite hostname="DESKTOP-IAA84AE" failures="0" tests="3" name="com.crm.qa.testcases.LoginPageTest" time="37.510" errors="0" timestamp="03 Sep 2022 12:22:30 GMT" skipped="0">
  <testcase classname="com.crm.qa.testcases.LoginPageTest" name="loginPageTitleTest" time="6.733"/>
  <testcase classname="com.crm.qa.testcases.LoginPageTest" name="crmLogoImageTest" time="6.784"/>
  <testcase classname="com.crm.qa.testcases.LoginPageTest" name="loginTest" time="23.993"/>
</testsuite> <!-- com.crm.qa.testcases.LoginPageTest -->
