<?xml version="1.0" encoding="UTF-8"?>
<!-- Generated by org.testng.reporters.JUnitReportReporter -->
<testsuite hostname="DESKTOP-IAA84AE" failures="0" tests="1" name="com.crm.qa.testcases.ContactsPageTest" time="15.024" errors="0" timestamp="02 Nov 2022 04:31:52 GMT" skipped="0">
  <testcase classname="com.crm.qa.testcases.ContactsPageTest" name="verifyContactsPageLabel" time="15.024"/>
</testsuite> <!-- com.crm.qa.testcases.ContactsPageTest -->
