<?xml version="1.0" encoding="UTF-8"?>
<!-- Generated by org.testng.reporters.JUnitReportReporter -->
<testsuite hostname="DESKTOP-IAA84AE" failures="0" tests="1" name="com.crm.qa.testcases.HomePageTest" time="28.618" errors="0" timestamp="10 Sep 2022 08:57:36 GMT" skipped="0">
  <testcase classname="com.crm.qa.testcases.HomePageTest" name="verifyHomePageTitleTest" time="28.618"/>
</testsuite> <!-- com.crm.qa.testcases.HomePageTest -->
