<?xml version="1.0" encoding="UTF-8"?>
<!-- Generated by org.testng.reporters.JUnitReportReporter -->
<testsuite hostname="DESKTOP-IAA84AE" failures="0" tests="1" name="com.crm.qa.testcases.ContactsPageTest" time="13.529" errors="0" timestamp="10 Sep 2022 08:57:36 GMT" skipped="0">
  <testcase classname="com.crm.qa.testcases.ContactsPageTest" name="verifyContactsPageLabel" time="13.529"/>
</testsuite> <!-- com.crm.qa.testcases.ContactsPageTest -->
