<?xml version="1.0" encoding="UTF-8"?>
<!-- Generated by org.testng.reporters.JUnitReportReporter -->
<testsuite hostname="DESKTOP-IAA84AE" failures="0" tests="1" name="com.crm.qa.testcases.ContactsPageTest" time="13.064" errors="0" timestamp="06 Sep 2022 12:59:49 GMT" skipped="0">
  <testcase classname="com.crm.qa.testcases.ContactsPageTest" name="verifyContactsPageLabel" time="13.064"/>
</testsuite> <!-- com.crm.qa.testcases.ContactsPageTest -->
